<?xml version="1.0" encoding="UTF-8"?>
<!-- Generated by org.testng.reporters.JUnitReportReporter -->
<testsuite hostname="EC2AMAZ-S11DBRH" failures="0" tests="1" name="Runners.UserAuthTest" time="3.018" errors="0" timestamp="2024-03-21T07:22:05 GMT" skipped="0">
  <testcase classname="Runners.UserAuthTest" name="runScenario" time="3.018"/>
  <system-out/>
</testsuite> <!-- Runners.UserAuthTest -->
